빌드 시작: 2017-08-07 오후 2:22:29
     1>2 노드의 "C:\Project_byH\BrainStimSerialArm\BrainStimSerialArm\BrainStimSerialArm.vcxproj" 프로젝트(build 대상)입니다.
     1>PrepareForBuild:
         "C:\Project_byH\BrainStimSerialArm\Release\" 디렉터리를 만들고 있습니다.
       InitializeBuildStatus:
         "AlwaysCreate"이(가) 지정되었기 때문에 "Release\BrainStimSerialArm.unsuccessfulbuild"을(를) 만들고 있습니다.
       ClCompile:
         c:\Program Files (x86)\Microsoft Visual Studio 10.0\VC\bin\CL.exe /c /Zi /nologo /W3 /WX- /O2 /Oi /Oy- /GL /D WIN32 /D _WINDOWS /D NDEBUG /D _UNICODE /D UNICODE /D _AFXDLL /Gm- /EHsc /MD /GS /Gy /fp:precise /Zc:wchar_t /Zc:forScope /Yc"StdAfx.h" /Fp"Release\BrainStimSerialArm.pch" /Fo"Release\\" /Fd"Release\vc100.pdb" /Gd /TP /analyze- /errorReport:prompt stdafx.cpp
         stdafx.cpp
         c:\Program Files (x86)\Microsoft Visual Studio 10.0\VC\bin\CL.exe /c /Zi /nologo /W3 /WX- /O2 /Oi /Oy- /GL /D WIN32 /D _WINDOWS /D NDEBUG /D _UNICODE /D UNICODE /D _AFXDLL /Gm- /EHsc /MD /GS /Gy /fp:precise /Zc:wchar_t /Zc:forScope /Yu"StdAfx.h" /Fp"Release\BrainStimSerialArm.pch" /Fo"Release\\" /Fd"Release\vc100.pdb" /Gd /TP /analyze- /errorReport:prompt BrainStimSerialArm.cpp BrainStimSerialArmDlg.cpp JointControl.cpp Kinematics.cpp MaxonLib.cpp namedPipe.cpp
         BrainStimSerialArm.cpp
     1>c:\project_byh\brainstimserialarm\brainstimserialarm\MaxonLib.h(16): warning C4101: 'abc' :참조되지 않은 지역 변수입니다.
         BrainStimSerialArmDlg.cpp
     1>c:\project_byh\brainstimserialarm\brainstimserialarm\MaxonLib.h(16): warning C4101: 'abc' :참조되지 않은 지역 변수입니다.
     1>BrainStimSerialArmDlg.cpp(353): warning C4244: '인수' : 'double'에서 'long'(으)로 변환하면서 데이터가 손실될 수 있습니다.
         JointControl.cpp
     1>c:\project_byh\brainstimserialarm\brainstimserialarm\MaxonLib.h(16): warning C4101: 'abc' :참조되지 않은 지역 변수입니다.
         Kinematics.cpp
     1>Kinematics.cpp(19): warning C4244: '인수' : 'double'에서 'const float'(으)로 변환하면서 데이터가 손실될 수 있습니다.
     1>Kinematics.cpp(19): warning C4244: '인수' : 'double'에서 'const float'(으)로 변환하면서 데이터가 손실될 수 있습니다.
     1>Kinematics.cpp(19): warning C4244: '인수' : 'double'에서 'const float'(으)로 변환하면서 데이터가 손실될 수 있습니다.
     1>Kinematics.cpp(19): warning C4244: '인수' : 'double'에서 'const float'(으)로 변환하면서 데이터가 손실될 수 있습니다.
     1>Kinematics.cpp(32): warning C4244: '인수' : 'double'에서 'const float'(으)로 변환하면서 데이터가 손실될 수 있습니다.
     1>Kinematics.cpp(32): warning C4244: '인수' : 'double'에서 'const float'(으)로 변환하면서 데이터가 손실될 수 있습니다.
     1>Kinematics.cpp(32): warning C4244: '인수' : 'double'에서 'const float'(으)로 변환하면서 데이터가 손실될 수 있습니다.
     1>Kinematics.cpp(32): warning C4244: '인수' : 'double'에서 'const float'(으)로 변환하면서 데이터가 손실될 수 있습니다.
     1>Kinematics.cpp(34): warning C4244: '인수' : 'double'에서 'const float'(으)로 변환하면서 데이터가 손실될 수 있습니다.
     1>Kinematics.cpp(34): warning C4244: '인수' : 'double'에서 'const float'(으)로 변환하면서 데이터가 손실될 수 있습니다.
     1>Kinematics.cpp(34): warning C4244: '인수' : 'double'에서 'const float'(으)로 변환하면서 데이터가 손실될 수 있습니다.
     1>Kinematics.cpp(34): warning C4244: '인수' : 'double'에서 'const float'(으)로 변환하면서 데이터가 손실될 수 있습니다.
     1>Kinematics.cpp(46): warning C4244: '인수' : 'double'에서 'const float'(으)로 변환하면서 데이터가 손실될 수 있습니다.
     1>Kinematics.cpp(46): warning C4244: '인수' : 'double'에서 'const float'(으)로 변환하면서 데이터가 손실될 수 있습니다.
     1>Kinematics.cpp(46): warning C4244: '인수' : 'double'에서 'const float'(으)로 변환하면서 데이터가 손실될 수 있습니다.
     1>Kinematics.cpp(46): warning C4244: '인수' : 'double'에서 'const float'(으)로 변환하면서 데이터가 손실될 수 있습니다.
     1>Kinematics.cpp(48): warning C4244: '인수' : 'double'에서 'const float'(으)로 변환하면서 데이터가 손실될 수 있습니다.
     1>Kinematics.cpp(60): warning C4244: '인수' : 'double'에서 'const float'(으)로 변환하면서 데이터가 손실될 수 있습니다.
     1>Kinematics.cpp(60): warning C4244: '인수' : 'double'에서 'const float'(으)로 변환하면서 데이터가 손실될 수 있습니다.
     1>Kinematics.cpp(60): warning C4244: '인수' : 'double'에서 'const float'(으)로 변환하면서 데이터가 손실될 수 있습니다.
     1>Kinematics.cpp(60): warning C4244: '인수' : 'double'에서 'const float'(으)로 변환하면서 데이터가 손실될 수 있습니다.
     1>Kinematics.cpp(73): warning C4244: '인수' : 'double'에서 'const float'(으)로 변환하면서 데이터가 손실될 수 있습니다.
     1>Kinematics.cpp(73): warning C4244: '인수' : 'double'에서 'const float'(으)로 변환하면서 데이터가 손실될 수 있습니다.
     1>Kinematics.cpp(73): warning C4244: '인수' : 'double'에서 'const float'(으)로 변환하면서 데이터가 손실될 수 있습니다.
     1>Kinematics.cpp(73): warning C4244: '인수' : 'double'에서 'const float'(으)로 변환하면서 데이터가 손실될 수 있습니다.
     1>Kinematics.cpp(89): warning C4244: '인수' : 'double'에서 'const float'(으)로 변환하면서 데이터가 손실될 수 있습니다.
     1>Kinematics.cpp(89): warning C4244: '인수' : 'double'에서 'const float'(으)로 변환하면서 데이터가 손실될 수 있습니다.
     1>Kinematics.cpp(89): warning C4244: '인수' : 'double'에서 'const float'(으)로 변환하면서 데이터가 손실될 수 있습니다.
     1>Kinematics.cpp(89): warning C4244: '인수' : 'double'에서 'const float'(으)로 변환하면서 데이터가 손실될 수 있습니다.
     1>Kinematics.cpp(213): warning C4244: '=' : 'double'에서 'long'(으)로 변환하면서 데이터가 손실될 수 있습니다.
     1>Kinematics.cpp(214): warning C4244: '=' : 'double'에서 'long'(으)로 변환하면서 데이터가 손실될 수 있습니다.
     1>Kinematics.cpp(215): warning C4244: '=' : 'double'에서 'long'(으)로 변환하면서 데이터가 손실될 수 있습니다.
     1>Kinematics.cpp(216): warning C4244: '=' : 'double'에서 'long'(으)로 변환하면서 데이터가 손실될 수 있습니다.
     1>Kinematics.cpp(217): warning C4244: '=' : 'double'에서 'long'(으)로 변환하면서 데이터가 손실될 수 있습니다.
     1>Kinematics.cpp(218): warning C4244: '=' : 'double'에서 'long'(으)로 변환하면서 데이터가 손실될 수 있습니다.
     1>Kinematics.cpp(231): warning C4244: '인수' : 'double'에서 'const float'(으)로 변환하면서 데이터가 손실될 수 있습니다.
     1>Kinematics.cpp(233): warning C4244: '인수' : 'double'에서 'const float'(으)로 변환하면서 데이터가 손실될 수 있습니다.
     1>Kinematics.cpp(235): warning C4244: '인수' : 'double'에서 'const float'(으)로 변환하면서 데이터가 손실될 수 있습니다.
     1>Kinematics.cpp(248): warning C4244: '인수' : 'double'에서 'const float'(으)로 변환하면서 데이터가 손실될 수 있습니다.
     1>Kinematics.cpp(248): warning C4244: '인수' : 'double'에서 'const float'(으)로 변환하면서 데이터가 손실될 수 있습니다.
     1>Kinematics.cpp(248): warning C4244: '인수' : 'double'에서 'const float'(으)로 변환하면서 데이터가 손실될 수 있습니다.
     1>Kinematics.cpp(248): warning C4244: '인수' : 'double'에서 'const float'(으)로 변환하면서 데이터가 손실될 수 있습니다.
     1>Kinematics.cpp(250): warning C4244: '인수' : 'double'에서 'const float'(으)로 변환하면서 데이터가 손실될 수 있습니다.
     1>Kinematics.cpp(250): warning C4244: '인수' : 'double'에서 'const float'(으)로 변환하면서 데이터가 손실될 수 있습니다.
     1>Kinematics.cpp(250): warning C4244: '인수' : 'double'에서 'const float'(으)로 변환하면서 데이터가 손실될 수 있습니다.
     1>Kinematics.cpp(250): warning C4244: '인수' : 'double'에서 'const float'(으)로 변환하면서 데이터가 손실될 수 있습니다.
     1>Kinematics.cpp(252): warning C4244: '인수' : 'double'에서 'const float'(으)로 변환하면서 데이터가 손실될 수 있습니다.
     1>Kinematics.cpp(252): warning C4244: '인수' : 'double'에서 'const float'(으)로 변환하면서 데이터가 손실될 수 있습니다.
     1>Kinematics.cpp(252): warning C4244: '인수' : 'double'에서 'const float'(으)로 변환하면서 데이터가 손실될 수 있습니다.
     1>Kinematics.cpp(252): warning C4244: '인수' : 'double'에서 'const float'(으)로 변환하면서 데이터가 손실될 수 있습니다.
     1>Kinematics.cpp(273): warning C4244: '인수' : 'double'에서 'const float'(으)로 변환하면서 데이터가 손실될 수 있습니다.
     1>Kinematics.cpp(273): warning C4244: '인수' : 'double'에서 'const float'(으)로 변환하면서 데이터가 손실될 수 있습니다.
     1>Kinematics.cpp(273): warning C4244: '인수' : 'double'에서 'const float'(으)로 변환하면서 데이터가 손실될 수 있습니다.
     1>Kinematics.cpp(273): warning C4244: '인수' : 'double'에서 'const float'(으)로 변환하면서 데이터가 손실될 수 있습니다.
     1>Kinematics.cpp(273): warning C4244: '인수' : 'double'에서 'const float'(으)로 변환하면서 데이터가 손실될 수 있습니다.
     1>Kinematics.cpp(273): warning C4244: '인수' : 'double'에서 'const float'(으)로 변환하면서 데이터가 손실될 수 있습니다.
     1>Kinematics.cpp(273): warning C4244: '인수' : 'double'에서 'const float'(으)로 변환하면서 데이터가 손실될 수 있습니다.
     1>Kinematics.cpp(273): warning C4244: '인수' : 'double'에서 'const float'(으)로 변환하면서 데이터가 손실될 수 있습니다.
     1>Kinematics.cpp(273): warning C4244: '인수' : 'double'에서 'const float'(으)로 변환하면서 데이터가 손실될 수 있습니다.
     1>Kinematics.cpp(276): warning C4244: '인수' : 'double'에서 'const float'(으)로 변환하면서 데이터가 손실될 수 있습니다.
     1>Kinematics.cpp(276): warning C4244: '인수' : 'double'에서 'const float'(으)로 변환하면서 데이터가 손실될 수 있습니다.
     1>Kinematics.cpp(276): warning C4244: '인수' : 'double'에서 'const float'(으)로 변환하면서 데이터가 손실될 수 있습니다.
         MaxonLib.cpp
     1>c:\project_byh\brainstimserialarm\brainstimserialarm\MaxonLib.h(16): warning C4101: 'abc' :참조되지 않은 지역 변수입니다.
         namedPipe.cpp
     1>namedPipe.cpp(13): warning C4101: 'bSuc' :참조되지 않은 지역 변수입니다.
     1>namedPipe.cpp(12): warning C4101: 'dwRead' :참조되지 않은 지역 변수입니다.
     1>namedPipe.cpp(12): warning C4101: 'dwWritten' :참조되지 않은 지역 변수입니다.
       ResourceCompile:
         c:\Program Files (x86)\Microsoft Visual Studio 10.0\VC\bin\rc.exe /D NDEBUG /D _UNICODE /D UNICODE /D _AFXDLL /l"0x0412" /IRelease\ /nologo /fo"Release\BrainStimSerialArm.res" BrainStimSerialArm.rc 
       Link:
         c:\Program Files (x86)\Microsoft Visual Studio 10.0\VC\bin\link.exe /ERRORREPORT:PROMPT /OUT:"C:\Project_byH\BrainStimSerialArm\Release\BrainStimSerialArm.exe" /INCREMENTAL:NO /NOLOGO /MANIFEST /ManifestFile:"Release\BrainStimSerialArm.exe.intermediate.manifest" /MANIFESTUAC:"level='asInvoker' uiAccess='false'" /DEBUG /PDB:"C:\Project_byH\BrainStimSerialArm\Release\BrainStimSerialArm.pdb" /SUBSYSTEM:WINDOWS /OPT:REF /OPT:ICF /LTCG /TLBID:1 /ENTRY:"wWinMainCRTStartup" /DYNAMICBASE /NXCOMPAT /IMPLIB:"C:\Project_byH\BrainStimSerialArm\Release\BrainStimSerialArm.lib" /MACHINE:X86 Release\BrainStimSerialArm.res
         Release\BrainStimSerialArm.obj
         Release\BrainStimSerialArmDlg.obj
         Release\JointControl.obj
         Release\Kinematics.obj
         Release\MaxonLib.obj
         Release\namedPipe.obj
         Release\stdafx.obj
     1>BrainStimSerialArmDlg.obj : error LNK2001: __imp__timeGetDevCaps@8 외부 기호를 확인할 수 없습니다.
     1>BrainStimSerialArmDlg.obj : error LNK2001: __imp__timeBeginPeriod@4 외부 기호를 확인할 수 없습니다.
     1>BrainStimSerialArmDlg.obj : error LNK2001: __imp__timeSetEvent@20 외부 기호를 확인할 수 없습니다.
     1>MaxonLib.obj : error LNK2001: _VCS_CloseDevice@8 외부 기호를 확인할 수 없습니다.
     1>MaxonLib.obj : error LNK2001: _VCS_OpenDeviceDlg@4 외부 기호를 확인할 수 없습니다.
     1>MaxonLib.obj : error LNK2001: _VCS_ClearFault@12 외부 기호를 확인할 수 없습니다.
     1>MaxonLib.obj : error LNK2001: _VCS_GetOperationMode@16 외부 기호를 확인할 수 없습니다.
     1>MaxonLib.obj : error LNK2001: _VCS_GetPositionProfile@24 외부 기호를 확인할 수 없습니다.
     1>MaxonLib.obj : error LNK2001: _VCS_SetOperationMode@16 외부 기호를 확인할 수 없습니다.
     1>MaxonLib.obj : error LNK2001: _VCS_SetPositionProfile@24 외부 기호를 확인할 수 없습니다.
     1>MaxonLib.obj : error LNK2001: _VCS_GetPositionIs@16 외부 기호를 확인할 수 없습니다.
     1>MaxonLib.obj : error LNK2001: _VCS_GetFaultState@16 외부 기호를 확인할 수 없습니다.
     1>MaxonLib.obj : error LNK2001: _VCS_SetEnableState@12 외부 기호를 확인할 수 없습니다.
     1>MaxonLib.obj : error LNK2001: _VCS_GetEnableState@16 외부 기호를 확인할 수 없습니다.
     1>MaxonLib.obj : error LNK2001: _VCS_SetDisableState@12 외부 기호를 확인할 수 없습니다.
     1>MaxonLib.obj : error LNK2001: _VCS_GetDisableState@16 외부 기호를 확인할 수 없습니다.
     1>MaxonLib.obj : error LNK2001: _VCS_MoveToPosition@24 외부 기호를 확인할 수 없습니다.
     1>MaxonLib.obj : error LNK2001: _VCS_HaltPositionMovement@12 외부 기호를 확인할 수 없습니다.
     1>MaxonLib.obj : error LNK2001: _VCS_GetErrorInfo@12 외부 기호를 확인할 수 없습니다.
     1>C:\Project_byH\BrainStimSerialArm\Release\BrainStimSerialArm.exe : fatal error LNK1120: 19개의 확인할 수 없는 외부 참조입니다.
     1>"C:\Project_byH\BrainStimSerialArm\BrainStimSerialArm\BrainStimSerialArm.vcxproj" 프로젝트를 빌드했습니다(build 대상). - 실패

빌드하지 못했습니다.

경과 시간: 00:00:08.83
